<?xml version="1.0" encoding="UTF-8"?>
<!-- Generated by org.testng.reporters.JUnitReportReporter -->
<testsuite hostname="DESKTOP-CL8T34F" failures="0" tests="1" name="jenkinsDemo.Demo" time="6.534" errors="0" timestamp="2023-10-09T22:16:43 CDT" skipped="0">
  <testcase classname="jenkinsDemo.Demo" name="searchContent" time="6.534"/>
</testsuite> <!-- jenkinsDemo.Demo -->
